000 (123663.000.000) 02/06 18:03:48 Job submitted from host: <192.168.100.50:50435>
...
001 (123663.000.000) 02/06 18:03:49 Job executing on host: <192.168.100.51:39141>
...
006 (123663.000.000) 02/06 18:03:57 Image size of job updated: 348812
	48  -  MemoryUsage of job (MB)
	48684  -  ResidentSetSize of job (KB)
...
005 (123663.000.000) 02/06 18:04:00 Job terminated.
	(1) Normal termination (return value 0)
		Usr 0 00:00:06, Sys 0 00:00:00  -  Run Remote Usage
		Usr 0 00:00:00, Sys 0 00:00:00  -  Run Local Usage
		Usr 0 00:00:06, Sys 0 00:00:00  -  Total Remote Usage
		Usr 0 00:00:00, Sys 0 00:00:00  -  Total Local Usage
	0  -  Run Bytes Sent By Job
	0  -  Run Bytes Received By Job
	0  -  Total Bytes Sent By Job
	0  -  Total Bytes Received By Job
	Partitionable Resources :    Usage  Request          
	   Cpus                 :                 1          
	   Disk (KB)            :        1        1          
	   Memory (MB)          :       48     1024          
...
009 (123662.000.000) 02/06 18:04:07 Job was aborted by the user.
	via condor_rm (by user dsmchugh)
...
000 (123668.000.000) 02/06 19:06:58 Job submitted from host: <192.168.100.50:50435>
...
001 (123668.000.000) 02/06 19:07:14 Job executing on host: <192.168.100.51:39141>
...
006 (123668.000.000) 02/06 19:07:16 Image size of job updated: 1
	0  -  MemoryUsage of job (MB)
	0  -  ResidentSetSize of job (KB)
...
005 (123668.000.000) 02/06 19:07:17 Job terminated.
	(1) Normal termination (return value 1)
		Usr 0 00:00:00, Sys 0 00:00:00  -  Run Remote Usage
		Usr 0 00:00:00, Sys 0 00:00:00  -  Run Local Usage
		Usr 0 00:00:00, Sys 0 00:00:00  -  Total Remote Usage
		Usr 0 00:00:00, Sys 0 00:00:00  -  Total Local Usage
	0  -  Run Bytes Sent By Job
	0  -  Run Bytes Received By Job
	0  -  Total Bytes Sent By Job
	0  -  Total Bytes Received By Job
	Partitionable Resources :    Usage  Request          
	   Cpus                 :                 1          
	   Disk (KB)            :        1        1          
	   Memory (MB)          :        0     1024          
...
000 (123669.000.000) 02/06 19:08:51 Job submitted from host: <192.168.100.50:50435>
...
001 (123669.000.000) 02/06 19:09:05 Job executing on host: <192.168.100.59:51381>
...
006 (123669.000.000) 02/06 19:09:14 Image size of job updated: 1
	3  -  MemoryUsage of job (MB)
	2100  -  ResidentSetSize of job (KB)
...
005 (123669.000.000) 02/06 19:09:16 Job terminated.
	(1) Normal termination (return value 0)
		Usr 0 00:00:00, Sys 0 00:00:00  -  Run Remote Usage
		Usr 0 00:00:00, Sys 0 00:00:00  -  Run Local Usage
		Usr 0 00:00:00, Sys 0 00:00:00  -  Total Remote Usage
		Usr 0 00:00:00, Sys 0 00:00:00  -  Total Local Usage
	0  -  Run Bytes Sent By Job
	0  -  Run Bytes Received By Job
	0  -  Total Bytes Sent By Job
	0  -  Total Bytes Received By Job
	Partitionable Resources :    Usage  Request          
	   Cpus                 :                 1          
	   Disk (KB)            :        1        1          
	   Memory (MB)          :        3     1024          
...
000 (123682.000.000) 02/06 19:32:35 Job submitted from host: <192.168.100.50:50435>
...
001 (123682.000.000) 02/06 19:32:49 Job executing on host: <192.168.100.51:39141>
...
006 (123682.000.000) 02/06 19:32:57 Image size of job updated: 1
	3  -  MemoryUsage of job (MB)
	2100  -  ResidentSetSize of job (KB)
...
005 (123682.000.000) 02/06 19:33:01 Job terminated.
	(1) Normal termination (return value 1)
		Usr 0 00:00:00, Sys 0 00:00:00  -  Run Remote Usage
		Usr 0 00:00:00, Sys 0 00:00:00  -  Run Local Usage
		Usr 0 00:00:00, Sys 0 00:00:00  -  Total Remote Usage
		Usr 0 00:00:00, Sys 0 00:00:00  -  Total Local Usage
	0  -  Run Bytes Sent By Job
	0  -  Run Bytes Received By Job
	0  -  Total Bytes Sent By Job
	0  -  Total Bytes Received By Job
	Partitionable Resources :    Usage  Request          
	   Cpus                 :                 1          
	   Disk (KB)            :        1        1          
	   Memory (MB)          :        3     1024          
...
000 (123684.000.000) 02/06 19:35:59 Job submitted from host: <192.168.100.50:50435>
...
001 (123684.000.000) 02/06 19:36:03 Job executing on host: <192.168.100.51:39141>
...
006 (123684.000.000) 02/06 19:36:11 Image size of job updated: 1
	3  -  MemoryUsage of job (MB)
	2104  -  ResidentSetSize of job (KB)
...
006 (123684.000.000) 02/06 19:36:23 Image size of job updated: 425080
	3  -  MemoryUsage of job (MB)
	2104  -  ResidentSetSize of job (KB)
...
005 (123684.000.000) 02/06 19:36:23 Job terminated.
	(1) Normal termination (return value 0)
		Usr 0 00:00:14, Sys 0 00:00:00  -  Run Remote Usage
		Usr 0 00:00:00, Sys 0 00:00:00  -  Run Local Usage
		Usr 0 00:00:14, Sys 0 00:00:00  -  Total Remote Usage
		Usr 0 00:00:00, Sys 0 00:00:00  -  Total Local Usage
	0  -  Run Bytes Sent By Job
	0  -  Run Bytes Received By Job
	0  -  Total Bytes Sent By Job
	0  -  Total Bytes Received By Job
	Partitionable Resources :    Usage  Request          
	   Cpus                 :                 1          
	   Disk (KB)            :        1        1          
	   Memory (MB)          :        3     1024          
...
